CRITICAL - 2020-12-03 01:21:02 --> You must set the database table to be used with your query.
#0 C:\xampp\htdocs\doomovie-5g\system\Model.php(1190): CodeIgniter\Database\BaseConnection->table(NULL)
#1 C:\xampp\htdocs\doomovie-5g\system\Model.php(1700): CodeIgniter\Model->builder()
#2 C:\xampp\htdocs\doomovie-5g\app\Controllers\Home.php(470): CodeIgniter\Model->__call('countView', Array)
#3 C:\xampp\htdocs\doomovie-5g\system\CodeIgniter.php(910): App\Controllers\Home->countView('20033')
#4 C:\xampp\htdocs\doomovie-5g\system\CodeIgniter.php(398): CodeIgniter\CodeIgniter->runController(Object(App\Controllers\Home))
#5 C:\xampp\htdocs\doomovie-5g\system\CodeIgniter.php(306): CodeIgniter\CodeIgniter->handleRequest(NULL, Object(Config\Cache), false)
#6 C:\xampp\htdocs\doomovie-5g\index.php(45): CodeIgniter\CodeIgniter->run()
#7 {main}
CRITICAL - 2020-12-03 01:26:12 --> You must set the database table to be used with your query.
#0 C:\xampp\htdocs\doomovie-5g\system\Model.php(1190): CodeIgniter\Database\BaseConnection->table(NULL)
#1 C:\xampp\htdocs\doomovie-5g\system\Model.php(1700): CodeIgniter\Model->builder()
#2 C:\xampp\htdocs\doomovie-5g\app\Controllers\Home.php(470): CodeIgniter\Model->__call('countView', Array)
#3 C:\xampp\htdocs\doomovie-5g\system\CodeIgniter.php(910): App\Controllers\Home->countView('20033')
#4 C:\xampp\htdocs\doomovie-5g\system\CodeIgniter.php(398): CodeIgniter\CodeIgniter->runController(Object(App\Controllers\Home))
#5 C:\xampp\htdocs\doomovie-5g\system\CodeIgniter.php(306): CodeIgniter\CodeIgniter->handleRequest(NULL, Object(Config\Cache), false)
#6 C:\xampp\htdocs\doomovie-5g\index.php(45): CodeIgniter\CodeIgniter->run()
#7 {main}
CRITICAL - 2020-12-03 01:55:18 --> You must set the database table to be used with your query.
#0 C:\xampp\htdocs\doomovie-5g\system\Model.php(1190): CodeIgniter\Database\BaseConnection->table(NULL)
#1 C:\xampp\htdocs\doomovie-5g\system\Model.php(1700): CodeIgniter\Model->builder()
#2 C:\xampp\htdocs\doomovie-5g\app\Controllers\Home.php(470): CodeIgniter\Model->__call('countView', Array)
#3 C:\xampp\htdocs\doomovie-5g\system\CodeIgniter.php(910): App\Controllers\Home->countView('20033')
#4 C:\xampp\htdocs\doomovie-5g\system\CodeIgniter.php(398): CodeIgniter\CodeIgniter->runController(Object(App\Controllers\Home))
#5 C:\xampp\htdocs\doomovie-5g\system\CodeIgniter.php(306): CodeIgniter\CodeIgniter->handleRequest(NULL, Object(Config\Cache), false)
#6 C:\xampp\htdocs\doomovie-5g\index.php(45): CodeIgniter\CodeIgniter->run()
#7 {main}
CRITICAL - 2020-12-03 01:55:38 --> You must set the database table to be used with your query.
#0 C:\xampp\htdocs\doomovie-5g\system\Model.php(1190): CodeIgniter\Database\BaseConnection->table(NULL)
#1 C:\xampp\htdocs\doomovie-5g\system\Model.php(1700): CodeIgniter\Model->builder()
#2 C:\xampp\htdocs\doomovie-5g\app\Controllers\Home.php(470): CodeIgniter\Model->__call('countView', Array)
#3 C:\xampp\htdocs\doomovie-5g\system\CodeIgniter.php(910): App\Controllers\Home->countView('20033')
#4 C:\xampp\htdocs\doomovie-5g\system\CodeIgniter.php(398): CodeIgniter\CodeIgniter->runController(Object(App\Controllers\Home))
#5 C:\xampp\htdocs\doomovie-5g\system\CodeIgniter.php(306): CodeIgniter\CodeIgniter->handleRequest(NULL, Object(Config\Cache), false)
#6 C:\xampp\htdocs\doomovie-5g\index.php(45): CodeIgniter\CodeIgniter->run()
#7 {main}
CRITICAL - 2020-12-03 01:56:15 --> You must set the database table to be used with your query.
#0 C:\xampp\htdocs\doomovie-5g\system\Model.php(1190): CodeIgniter\Database\BaseConnection->table(NULL)
#1 C:\xampp\htdocs\doomovie-5g\system\Model.php(1700): CodeIgniter\Model->builder()
#2 C:\xampp\htdocs\doomovie-5g\app\Controllers\Home.php(470): CodeIgniter\Model->__call('countView', Array)
#3 C:\xampp\htdocs\doomovie-5g\system\CodeIgniter.php(910): App\Controllers\Home->countView('9936')
#4 C:\xampp\htdocs\doomovie-5g\system\CodeIgniter.php(398): CodeIgniter\CodeIgniter->runController(Object(App\Controllers\Home))
#5 C:\xampp\htdocs\doomovie-5g\system\CodeIgniter.php(306): CodeIgniter\CodeIgniter->handleRequest(NULL, Object(Config\Cache), false)
#6 C:\xampp\htdocs\doomovie-5g\index.php(45): CodeIgniter\CodeIgniter->run()
#7 {main}
CRITICAL - 2020-12-03 02:00:14 --> You must set the database table to be used with your query.
#0 C:\xampp\htdocs\doomovie-5g\system\Model.php(1190): CodeIgniter\Database\BaseConnection->table(NULL)
#1 C:\xampp\htdocs\doomovie-5g\system\Model.php(1700): CodeIgniter\Model->builder()
#2 C:\xampp\htdocs\doomovie-5g\app\Controllers\Home.php(470): CodeIgniter\Model->__call('countView', Array)
#3 C:\xampp\htdocs\doomovie-5g\system\CodeIgniter.php(910): App\Controllers\Home->countView('20033')
#4 C:\xampp\htdocs\doomovie-5g\system\CodeIgniter.php(398): CodeIgniter\CodeIgniter->runController(Object(App\Controllers\Home))
#5 C:\xampp\htdocs\doomovie-5g\system\CodeIgniter.php(306): CodeIgniter\CodeIgniter->handleRequest(NULL, Object(Config\Cache), false)
#6 C:\xampp\htdocs\doomovie-5g\index.php(45): CodeIgniter\CodeIgniter->run()
#7 {main}
CRITICAL - 2020-12-03 02:01:27 --> You must set the database table to be used with your query.
#0 C:\xampp\htdocs\doomovie-5g\system\Model.php(1190): CodeIgniter\Database\BaseConnection->table(NULL)
#1 C:\xampp\htdocs\doomovie-5g\system\Model.php(1700): CodeIgniter\Model->builder()
#2 C:\xampp\htdocs\doomovie-5g\app\Controllers\Home.php(470): CodeIgniter\Model->__call('countView', Array)
#3 C:\xampp\htdocs\doomovie-5g\system\CodeIgniter.php(910): App\Controllers\Home->countView('20033')
#4 C:\xampp\htdocs\doomovie-5g\system\CodeIgniter.php(398): CodeIgniter\CodeIgniter->runController(Object(App\Controllers\Home))
#5 C:\xampp\htdocs\doomovie-5g\system\CodeIgniter.php(306): CodeIgniter\CodeIgniter->handleRequest(NULL, Object(Config\Cache), false)
#6 C:\xampp\htdocs\doomovie-5g\index.php(45): CodeIgniter\CodeIgniter->run()
#7 {main}
CRITICAL - 2020-12-03 02:09:33 --> You must set the database table to be used with your query.
#0 C:\xampp\htdocs\doomovie-5g\system\Model.php(1190): CodeIgniter\Database\BaseConnection->table(NULL)
#1 C:\xampp\htdocs\doomovie-5g\system\Model.php(1700): CodeIgniter\Model->builder()
#2 C:\xampp\htdocs\doomovie-5g\app\Controllers\Home.php(470): CodeIgniter\Model->__call('countView', Array)
#3 C:\xampp\htdocs\doomovie-5g\system\CodeIgniter.php(910): App\Controllers\Home->countView('20018')
#4 C:\xampp\htdocs\doomovie-5g\system\CodeIgniter.php(398): CodeIgniter\CodeIgniter->runController(Object(App\Controllers\Home))
#5 C:\xampp\htdocs\doomovie-5g\system\CodeIgniter.php(306): CodeIgniter\CodeIgniter->handleRequest(NULL, Object(Config\Cache), false)
#6 C:\xampp\htdocs\doomovie-5g\index.php(45): CodeIgniter\CodeIgniter->run()
#7 {main}
