CRITICAL - 2020-11-28 01:06:37 --> You must set the database table to be used with your query.
#0 C:\xampp\htdocs\doomovie-5g\system\Model.php(1190): CodeIgniter\Database\BaseConnection->table(NULL)
#1 C:\xampp\htdocs\doomovie-5g\system\Model.php(1700): CodeIgniter\Model->builder()
#2 C:\xampp\htdocs\doomovie-5g\app\Controllers\Home.php(470): CodeIgniter\Model->__call('countView', Array)
#3 C:\xampp\htdocs\doomovie-5g\system\CodeIgniter.php(910): App\Controllers\Home->countView('20033')
#4 C:\xampp\htdocs\doomovie-5g\system\CodeIgniter.php(398): CodeIgniter\CodeIgniter->runController(Object(App\Controllers\Home))
#5 C:\xampp\htdocs\doomovie-5g\system\CodeIgniter.php(306): CodeIgniter\CodeIgniter->handleRequest(NULL, Object(Config\Cache), false)
#6 C:\xampp\htdocs\doomovie-5g\index.php(45): CodeIgniter\CodeIgniter->run()
#7 {main}
CRITICAL - 2020-11-28 01:44:48 --> You must set the database table to be used with your query.
#0 C:\xampp\htdocs\doomovie-5g\system\Model.php(1190): CodeIgniter\Database\BaseConnection->table(NULL)
#1 C:\xampp\htdocs\doomovie-5g\system\Model.php(1700): CodeIgniter\Model->builder()
#2 C:\xampp\htdocs\doomovie-5g\app\Controllers\Home.php(470): CodeIgniter\Model->__call('countView', Array)
#3 C:\xampp\htdocs\doomovie-5g\system\CodeIgniter.php(910): App\Controllers\Home->countView('20015')
#4 C:\xampp\htdocs\doomovie-5g\system\CodeIgniter.php(398): CodeIgniter\CodeIgniter->runController(Object(App\Controllers\Home))
#5 C:\xampp\htdocs\doomovie-5g\system\CodeIgniter.php(306): CodeIgniter\CodeIgniter->handleRequest(NULL, Object(Config\Cache), false)
#6 C:\xampp\htdocs\doomovie-5g\index.php(45): CodeIgniter\CodeIgniter->run()
#7 {main}
CRITICAL - 2020-11-28 03:55:48 --> You must set the database table to be used with your query.
#0 C:\xampp\htdocs\doomovie-5g\system\Model.php(1190): CodeIgniter\Database\BaseConnection->table(NULL)
#1 C:\xampp\htdocs\doomovie-5g\system\Model.php(1700): CodeIgniter\Model->builder()
#2 C:\xampp\htdocs\doomovie-5g\app\Controllers\Home.php(470): CodeIgniter\Model->__call('countView', Array)
#3 C:\xampp\htdocs\doomovie-5g\system\CodeIgniter.php(910): App\Controllers\Home->countView('9936')
#4 C:\xampp\htdocs\doomovie-5g\system\CodeIgniter.php(398): CodeIgniter\CodeIgniter->runController(Object(App\Controllers\Home))
#5 C:\xampp\htdocs\doomovie-5g\system\CodeIgniter.php(306): CodeIgniter\CodeIgniter->handleRequest(NULL, Object(Config\Cache), false)
#6 C:\xampp\htdocs\doomovie-5g\index.php(45): CodeIgniter\CodeIgniter->run()
#7 {main}
CRITICAL - 2020-11-28 04:09:10 --> You must set the database table to be used with your query.
#0 C:\xampp\htdocs\doomovie-5g\system\Model.php(1190): CodeIgniter\Database\BaseConnection->table(NULL)
#1 C:\xampp\htdocs\doomovie-5g\system\Model.php(1700): CodeIgniter\Model->builder()
#2 C:\xampp\htdocs\doomovie-5g\app\Controllers\Home.php(470): CodeIgniter\Model->__call('countView', Array)
#3 C:\xampp\htdocs\doomovie-5g\system\CodeIgniter.php(910): App\Controllers\Home->countView('9936')
#4 C:\xampp\htdocs\doomovie-5g\system\CodeIgniter.php(398): CodeIgniter\CodeIgniter->runController(Object(App\Controllers\Home))
#5 C:\xampp\htdocs\doomovie-5g\system\CodeIgniter.php(306): CodeIgniter\CodeIgniter->handleRequest(NULL, Object(Config\Cache), false)
#6 C:\xampp\htdocs\doomovie-5g\index.php(45): CodeIgniter\CodeIgniter->run()
#7 {main}
CRITICAL - 2020-11-28 04:25:40 --> A socket operation was attempted to an unreachable network.

#0 C:\xampp\htdocs\doomovie-5g\system\Database\BaseConnection.php(377): CodeIgniter\Database\MySQLi\Connection->connect(false)
#1 C:\xampp\htdocs\doomovie-5g\system\Database\BaseConnection.php(643): CodeIgniter\Database\BaseConnection->initialize()
#2 C:\xampp\htdocs\doomovie-5g\app\Models\Video_Model.php(409): CodeIgniter\Database\BaseConnection->query('SELECT * FROM `...')
#3 C:\xampp\htdocs\doomovie-5g\app\Controllers\Home.php(38): App\Models\Video_Model->get_setting(1)
#4 C:\xampp\htdocs\doomovie-5g\system\CodeIgniter.php(910): App\Controllers\Home->index()
#5 C:\xampp\htdocs\doomovie-5g\system\CodeIgniter.php(398): CodeIgniter\CodeIgniter->runController(Object(App\Controllers\Home))
#6 C:\xampp\htdocs\doomovie-5g\system\CodeIgniter.php(306): CodeIgniter\CodeIgniter->handleRequest(NULL, Object(Config\Cache), false)
#7 C:\xampp\htdocs\doomovie-5g\index.php(45): CodeIgniter\CodeIgniter->run()
#8 {main}
CRITICAL - 2020-11-28 04:25:50 --> A socket operation was attempted to an unreachable network.

#0 C:\xampp\htdocs\doomovie-5g\system\Database\BaseConnection.php(377): CodeIgniter\Database\MySQLi\Connection->connect(false)
#1 C:\xampp\htdocs\doomovie-5g\system\Database\BaseConnection.php(643): CodeIgniter\Database\BaseConnection->initialize()
#2 C:\xampp\htdocs\doomovie-5g\app\Models\Video_Model.php(409): CodeIgniter\Database\BaseConnection->query('SELECT * FROM `...')
#3 C:\xampp\htdocs\doomovie-5g\app\Controllers\Home.php(38): App\Models\Video_Model->get_setting(1)
#4 C:\xampp\htdocs\doomovie-5g\system\CodeIgniter.php(910): App\Controllers\Home->index()
#5 C:\xampp\htdocs\doomovie-5g\system\CodeIgniter.php(398): CodeIgniter\CodeIgniter->runController(Object(App\Controllers\Home))
#6 C:\xampp\htdocs\doomovie-5g\system\CodeIgniter.php(306): CodeIgniter\CodeIgniter->handleRequest(NULL, Object(Config\Cache), false)
#7 C:\xampp\htdocs\doomovie-5g\index.php(45): CodeIgniter\CodeIgniter->run()
#8 {main}
CRITICAL - 2020-11-28 04:26:12 --> A socket operation was attempted to an unreachable network.

#0 C:\xampp\htdocs\doomovie-5g\system\Database\BaseConnection.php(377): CodeIgniter\Database\MySQLi\Connection->connect(false)
#1 C:\xampp\htdocs\doomovie-5g\system\Database\BaseConnection.php(643): CodeIgniter\Database\BaseConnection->initialize()
#2 C:\xampp\htdocs\doomovie-5g\app\Models\Video_Model.php(409): CodeIgniter\Database\BaseConnection->query('SELECT * FROM `...')
#3 C:\xampp\htdocs\doomovie-5g\app\Controllers\Home.php(38): App\Models\Video_Model->get_setting(1)
#4 C:\xampp\htdocs\doomovie-5g\system\CodeIgniter.php(910): App\Controllers\Home->index()
#5 C:\xampp\htdocs\doomovie-5g\system\CodeIgniter.php(398): CodeIgniter\CodeIgniter->runController(Object(App\Controllers\Home))
#6 C:\xampp\htdocs\doomovie-5g\system\CodeIgniter.php(306): CodeIgniter\CodeIgniter->handleRequest(NULL, Object(Config\Cache), false)
#7 C:\xampp\htdocs\doomovie-5g\index.php(45): CodeIgniter\CodeIgniter->run()
#8 {main}
CRITICAL - 2020-11-28 04:26:12 --> A socket operation was attempted to an unreachable network.

#0 C:\xampp\htdocs\doomovie-5g\system\Database\BaseConnection.php(377): CodeIgniter\Database\MySQLi\Connection->connect(false)
#1 C:\xampp\htdocs\doomovie-5g\system\Database\BaseConnection.php(643): CodeIgniter\Database\BaseConnection->initialize()
#2 C:\xampp\htdocs\doomovie-5g\app\Models\Video_Model.php(409): CodeIgniter\Database\BaseConnection->query('SELECT * FROM `...')
#3 C:\xampp\htdocs\doomovie-5g\app\Controllers\Home.php(38): App\Models\Video_Model->get_setting(1)
#4 C:\xampp\htdocs\doomovie-5g\system\CodeIgniter.php(910): App\Controllers\Home->index()
#5 C:\xampp\htdocs\doomovie-5g\system\CodeIgniter.php(398): CodeIgniter\CodeIgniter->runController(Object(App\Controllers\Home))
#6 C:\xampp\htdocs\doomovie-5g\system\CodeIgniter.php(306): CodeIgniter\CodeIgniter->handleRequest(NULL, Object(Config\Cache), false)
#7 C:\xampp\htdocs\doomovie-5g\index.php(45): CodeIgniter\CodeIgniter->run()
#8 {main}
CRITICAL - 2020-11-28 04:26:12 --> A socket operation was attempted to an unreachable network.

#0 C:\xampp\htdocs\doomovie-5g\system\Database\BaseConnection.php(377): CodeIgniter\Database\MySQLi\Connection->connect(false)
#1 C:\xampp\htdocs\doomovie-5g\system\Database\BaseConnection.php(643): CodeIgniter\Database\BaseConnection->initialize()
#2 C:\xampp\htdocs\doomovie-5g\app\Models\Video_Model.php(409): CodeIgniter\Database\BaseConnection->query('SELECT * FROM `...')
#3 C:\xampp\htdocs\doomovie-5g\app\Controllers\Home.php(38): App\Models\Video_Model->get_setting(1)
#4 C:\xampp\htdocs\doomovie-5g\system\CodeIgniter.php(910): App\Controllers\Home->index()
#5 C:\xampp\htdocs\doomovie-5g\system\CodeIgniter.php(398): CodeIgniter\CodeIgniter->runController(Object(App\Controllers\Home))
#6 C:\xampp\htdocs\doomovie-5g\system\CodeIgniter.php(306): CodeIgniter\CodeIgniter->handleRequest(NULL, Object(Config\Cache), false)
#7 C:\xampp\htdocs\doomovie-5g\index.php(45): CodeIgniter\CodeIgniter->run()
#8 {main}
CRITICAL - 2020-11-28 04:26:13 --> A socket operation was attempted to an unreachable network.

#0 C:\xampp\htdocs\doomovie-5g\system\Database\BaseConnection.php(377): CodeIgniter\Database\MySQLi\Connection->connect(false)
#1 C:\xampp\htdocs\doomovie-5g\system\Database\BaseConnection.php(643): CodeIgniter\Database\BaseConnection->initialize()
#2 C:\xampp\htdocs\doomovie-5g\app\Models\Video_Model.php(409): CodeIgniter\Database\BaseConnection->query('SELECT * FROM `...')
#3 C:\xampp\htdocs\doomovie-5g\app\Controllers\Home.php(38): App\Models\Video_Model->get_setting(1)
#4 C:\xampp\htdocs\doomovie-5g\system\CodeIgniter.php(910): App\Controllers\Home->index()
#5 C:\xampp\htdocs\doomovie-5g\system\CodeIgniter.php(398): CodeIgniter\CodeIgniter->runController(Object(App\Controllers\Home))
#6 C:\xampp\htdocs\doomovie-5g\system\CodeIgniter.php(306): CodeIgniter\CodeIgniter->handleRequest(NULL, Object(Config\Cache), false)
#7 C:\xampp\htdocs\doomovie-5g\index.php(45): CodeIgniter\CodeIgniter->run()
#8 {main}
CRITICAL - 2020-11-28 04:26:13 --> A socket operation was attempted to an unreachable network.

#0 C:\xampp\htdocs\doomovie-5g\system\Database\BaseConnection.php(377): CodeIgniter\Database\MySQLi\Connection->connect(false)
#1 C:\xampp\htdocs\doomovie-5g\system\Database\BaseConnection.php(643): CodeIgniter\Database\BaseConnection->initialize()
#2 C:\xampp\htdocs\doomovie-5g\app\Models\Video_Model.php(409): CodeIgniter\Database\BaseConnection->query('SELECT * FROM `...')
#3 C:\xampp\htdocs\doomovie-5g\app\Controllers\Home.php(38): App\Models\Video_Model->get_setting(1)
#4 C:\xampp\htdocs\doomovie-5g\system\CodeIgniter.php(910): App\Controllers\Home->index()
#5 C:\xampp\htdocs\doomovie-5g\system\CodeIgniter.php(398): CodeIgniter\CodeIgniter->runController(Object(App\Controllers\Home))
#6 C:\xampp\htdocs\doomovie-5g\system\CodeIgniter.php(306): CodeIgniter\CodeIgniter->handleRequest(NULL, Object(Config\Cache), false)
#7 C:\xampp\htdocs\doomovie-5g\index.php(45): CodeIgniter\CodeIgniter->run()
#8 {main}
CRITICAL - 2020-11-28 04:26:24 --> A socket operation was attempted to an unreachable network.

#0 C:\xampp\htdocs\doomovie-5g\system\Database\BaseConnection.php(377): CodeIgniter\Database\MySQLi\Connection->connect(false)
#1 C:\xampp\htdocs\doomovie-5g\system\Database\BaseConnection.php(643): CodeIgniter\Database\BaseConnection->initialize()
#2 C:\xampp\htdocs\doomovie-5g\app\Models\Video_Model.php(409): CodeIgniter\Database\BaseConnection->query('SELECT * FROM `...')
#3 C:\xampp\htdocs\doomovie-5g\app\Controllers\Home.php(38): App\Models\Video_Model->get_setting(1)
#4 C:\xampp\htdocs\doomovie-5g\system\CodeIgniter.php(910): App\Controllers\Home->index()
#5 C:\xampp\htdocs\doomovie-5g\system\CodeIgniter.php(398): CodeIgniter\CodeIgniter->runController(Object(App\Controllers\Home))
#6 C:\xampp\htdocs\doomovie-5g\system\CodeIgniter.php(306): CodeIgniter\CodeIgniter->handleRequest(NULL, Object(Config\Cache), false)
#7 C:\xampp\htdocs\doomovie-5g\index.php(45): CodeIgniter\CodeIgniter->run()
#8 {main}
CRITICAL - 2020-11-28 04:26:25 --> A socket operation was attempted to an unreachable network.

#0 C:\xampp\htdocs\doomovie-5g\system\Database\BaseConnection.php(377): CodeIgniter\Database\MySQLi\Connection->connect(false)
#1 C:\xampp\htdocs\doomovie-5g\system\Database\BaseConnection.php(643): CodeIgniter\Database\BaseConnection->initialize()
#2 C:\xampp\htdocs\doomovie-5g\app\Models\Video_Model.php(409): CodeIgniter\Database\BaseConnection->query('SELECT * FROM `...')
#3 C:\xampp\htdocs\doomovie-5g\app\Controllers\Home.php(38): App\Models\Video_Model->get_setting(1)
#4 C:\xampp\htdocs\doomovie-5g\system\CodeIgniter.php(910): App\Controllers\Home->index()
#5 C:\xampp\htdocs\doomovie-5g\system\CodeIgniter.php(398): CodeIgniter\CodeIgniter->runController(Object(App\Controllers\Home))
#6 C:\xampp\htdocs\doomovie-5g\system\CodeIgniter.php(306): CodeIgniter\CodeIgniter->handleRequest(NULL, Object(Config\Cache), false)
#7 C:\xampp\htdocs\doomovie-5g\index.php(45): CodeIgniter\CodeIgniter->run()
#8 {main}
CRITICAL - 2020-11-28 04:27:11 --> A socket operation was attempted to an unreachable network.

#0 C:\xampp\htdocs\doomovie-5g\system\Database\BaseConnection.php(377): CodeIgniter\Database\MySQLi\Connection->connect(false)
#1 C:\xampp\htdocs\doomovie-5g\system\Database\BaseConnection.php(643): CodeIgniter\Database\BaseConnection->initialize()
#2 C:\xampp\htdocs\doomovie-5g\app\Models\Video_Model.php(409): CodeIgniter\Database\BaseConnection->query('SELECT * FROM `...')
#3 C:\xampp\htdocs\doomovie-5g\app\Controllers\Home.php(38): App\Models\Video_Model->get_setting(1)
#4 C:\xampp\htdocs\doomovie-5g\system\CodeIgniter.php(910): App\Controllers\Home->index()
#5 C:\xampp\htdocs\doomovie-5g\system\CodeIgniter.php(398): CodeIgniter\CodeIgniter->runController(Object(App\Controllers\Home))
#6 C:\xampp\htdocs\doomovie-5g\system\CodeIgniter.php(306): CodeIgniter\CodeIgniter->handleRequest(NULL, Object(Config\Cache), false)
#7 C:\xampp\htdocs\doomovie-5g\index.php(45): CodeIgniter\CodeIgniter->run()
#8 {main}
CRITICAL - 2020-11-28 04:27:28 --> A socket operation was attempted to an unreachable network.

#0 C:\xampp\htdocs\doomovie-5g\system\Database\BaseConnection.php(377): CodeIgniter\Database\MySQLi\Connection->connect(false)
#1 C:\xampp\htdocs\doomovie-5g\system\Database\BaseConnection.php(643): CodeIgniter\Database\BaseConnection->initialize()
#2 C:\xampp\htdocs\doomovie-5g\app\Models\Video_Model.php(409): CodeIgniter\Database\BaseConnection->query('SELECT * FROM `...')
#3 C:\xampp\htdocs\doomovie-5g\app\Controllers\Home.php(38): App\Models\Video_Model->get_setting(1)
#4 C:\xampp\htdocs\doomovie-5g\system\CodeIgniter.php(910): App\Controllers\Home->index()
#5 C:\xampp\htdocs\doomovie-5g\system\CodeIgniter.php(398): CodeIgniter\CodeIgniter->runController(Object(App\Controllers\Home))
#6 C:\xampp\htdocs\doomovie-5g\system\CodeIgniter.php(306): CodeIgniter\CodeIgniter->handleRequest(NULL, Object(Config\Cache), false)
#7 C:\xampp\htdocs\doomovie-5g\index.php(45): CodeIgniter\CodeIgniter->run()
#8 {main}
CRITICAL - 2020-11-28 04:27:29 --> A socket operation was attempted to an unreachable network.

#0 C:\xampp\htdocs\doomovie-5g\system\Database\BaseConnection.php(377): CodeIgniter\Database\MySQLi\Connection->connect(false)
#1 C:\xampp\htdocs\doomovie-5g\system\Database\BaseConnection.php(643): CodeIgniter\Database\BaseConnection->initialize()
#2 C:\xampp\htdocs\doomovie-5g\app\Models\Video_Model.php(409): CodeIgniter\Database\BaseConnection->query('SELECT * FROM `...')
#3 C:\xampp\htdocs\doomovie-5g\app\Controllers\Home.php(38): App\Models\Video_Model->get_setting(1)
#4 C:\xampp\htdocs\doomovie-5g\system\CodeIgniter.php(910): App\Controllers\Home->index()
#5 C:\xampp\htdocs\doomovie-5g\system\CodeIgniter.php(398): CodeIgniter\CodeIgniter->runController(Object(App\Controllers\Home))
#6 C:\xampp\htdocs\doomovie-5g\system\CodeIgniter.php(306): CodeIgniter\CodeIgniter->handleRequest(NULL, Object(Config\Cache), false)
#7 C:\xampp\htdocs\doomovie-5g\index.php(45): CodeIgniter\CodeIgniter->run()
#8 {main}
CRITICAL - 2020-11-28 04:27:29 --> A socket operation was attempted to an unreachable network.

#0 C:\xampp\htdocs\doomovie-5g\system\Database\BaseConnection.php(377): CodeIgniter\Database\MySQLi\Connection->connect(false)
#1 C:\xampp\htdocs\doomovie-5g\system\Database\BaseConnection.php(643): CodeIgniter\Database\BaseConnection->initialize()
#2 C:\xampp\htdocs\doomovie-5g\app\Models\Video_Model.php(409): CodeIgniter\Database\BaseConnection->query('SELECT * FROM `...')
#3 C:\xampp\htdocs\doomovie-5g\app\Controllers\Home.php(38): App\Models\Video_Model->get_setting(1)
#4 C:\xampp\htdocs\doomovie-5g\system\CodeIgniter.php(910): App\Controllers\Home->index()
#5 C:\xampp\htdocs\doomovie-5g\system\CodeIgniter.php(398): CodeIgniter\CodeIgniter->runController(Object(App\Controllers\Home))
#6 C:\xampp\htdocs\doomovie-5g\system\CodeIgniter.php(306): CodeIgniter\CodeIgniter->handleRequest(NULL, Object(Config\Cache), false)
#7 C:\xampp\htdocs\doomovie-5g\index.php(45): CodeIgniter\CodeIgniter->run()
#8 {main}
CRITICAL - 2020-11-28 04:27:30 --> A socket operation was attempted to an unreachable network.

#0 C:\xampp\htdocs\doomovie-5g\system\Database\BaseConnection.php(377): CodeIgniter\Database\MySQLi\Connection->connect(false)
#1 C:\xampp\htdocs\doomovie-5g\system\Database\BaseConnection.php(643): CodeIgniter\Database\BaseConnection->initialize()
#2 C:\xampp\htdocs\doomovie-5g\app\Models\Video_Model.php(409): CodeIgniter\Database\BaseConnection->query('SELECT * FROM `...')
#3 C:\xampp\htdocs\doomovie-5g\app\Controllers\Home.php(38): App\Models\Video_Model->get_setting(1)
#4 C:\xampp\htdocs\doomovie-5g\system\CodeIgniter.php(910): App\Controllers\Home->index()
#5 C:\xampp\htdocs\doomovie-5g\system\CodeIgniter.php(398): CodeIgniter\CodeIgniter->runController(Object(App\Controllers\Home))
#6 C:\xampp\htdocs\doomovie-5g\system\CodeIgniter.php(306): CodeIgniter\CodeIgniter->handleRequest(NULL, Object(Config\Cache), false)
#7 C:\xampp\htdocs\doomovie-5g\index.php(45): CodeIgniter\CodeIgniter->run()
#8 {main}
CRITICAL - 2020-11-28 04:27:45 --> A socket operation was attempted to an unreachable network.

#0 C:\xampp\htdocs\doomovie-5g\system\Database\BaseConnection.php(377): CodeIgniter\Database\MySQLi\Connection->connect(false)
#1 C:\xampp\htdocs\doomovie-5g\system\Database\BaseConnection.php(643): CodeIgniter\Database\BaseConnection->initialize()
#2 C:\xampp\htdocs\doomovie-5g\app\Models\Video_Model.php(409): CodeIgniter\Database\BaseConnection->query('SELECT * FROM `...')
#3 C:\xampp\htdocs\doomovie-5g\app\Controllers\Home.php(38): App\Models\Video_Model->get_setting(1)
#4 C:\xampp\htdocs\doomovie-5g\system\CodeIgniter.php(910): App\Controllers\Home->index()
#5 C:\xampp\htdocs\doomovie-5g\system\CodeIgniter.php(398): CodeIgniter\CodeIgniter->runController(Object(App\Controllers\Home))
#6 C:\xampp\htdocs\doomovie-5g\system\CodeIgniter.php(306): CodeIgniter\CodeIgniter->handleRequest(NULL, Object(Config\Cache), false)
#7 C:\xampp\htdocs\doomovie-5g\index.php(45): CodeIgniter\CodeIgniter->run()
#8 {main}
CRITICAL - 2020-11-28 04:27:46 --> A socket operation was attempted to an unreachable network.

#0 C:\xampp\htdocs\doomovie-5g\system\Database\BaseConnection.php(377): CodeIgniter\Database\MySQLi\Connection->connect(false)
#1 C:\xampp\htdocs\doomovie-5g\system\Database\BaseConnection.php(643): CodeIgniter\Database\BaseConnection->initialize()
#2 C:\xampp\htdocs\doomovie-5g\app\Models\Video_Model.php(409): CodeIgniter\Database\BaseConnection->query('SELECT * FROM `...')
#3 C:\xampp\htdocs\doomovie-5g\app\Controllers\Home.php(38): App\Models\Video_Model->get_setting(1)
#4 C:\xampp\htdocs\doomovie-5g\system\CodeIgniter.php(910): App\Controllers\Home->index()
#5 C:\xampp\htdocs\doomovie-5g\system\CodeIgniter.php(398): CodeIgniter\CodeIgniter->runController(Object(App\Controllers\Home))
#6 C:\xampp\htdocs\doomovie-5g\system\CodeIgniter.php(306): CodeIgniter\CodeIgniter->handleRequest(NULL, Object(Config\Cache), false)
#7 C:\xampp\htdocs\doomovie-5g\index.php(45): CodeIgniter\CodeIgniter->run()
#8 {main}
CRITICAL - 2020-11-28 04:27:46 --> A socket operation was attempted to an unreachable network.

#0 C:\xampp\htdocs\doomovie-5g\system\Database\BaseConnection.php(377): CodeIgniter\Database\MySQLi\Connection->connect(false)
#1 C:\xampp\htdocs\doomovie-5g\system\Database\BaseConnection.php(643): CodeIgniter\Database\BaseConnection->initialize()
#2 C:\xampp\htdocs\doomovie-5g\app\Models\Video_Model.php(409): CodeIgniter\Database\BaseConnection->query('SELECT * FROM `...')
#3 C:\xampp\htdocs\doomovie-5g\app\Controllers\Home.php(38): App\Models\Video_Model->get_setting(1)
#4 C:\xampp\htdocs\doomovie-5g\system\CodeIgniter.php(910): App\Controllers\Home->index()
#5 C:\xampp\htdocs\doomovie-5g\system\CodeIgniter.php(398): CodeIgniter\CodeIgniter->runController(Object(App\Controllers\Home))
#6 C:\xampp\htdocs\doomovie-5g\system\CodeIgniter.php(306): CodeIgniter\CodeIgniter->handleRequest(NULL, Object(Config\Cache), false)
#7 C:\xampp\htdocs\doomovie-5g\index.php(45): CodeIgniter\CodeIgniter->run()
#8 {main}
CRITICAL - 2020-11-28 04:27:47 --> A socket operation was attempted to an unreachable network.

#0 C:\xampp\htdocs\doomovie-5g\system\Database\BaseConnection.php(377): CodeIgniter\Database\MySQLi\Connection->connect(false)
#1 C:\xampp\htdocs\doomovie-5g\system\Database\BaseConnection.php(643): CodeIgniter\Database\BaseConnection->initialize()
#2 C:\xampp\htdocs\doomovie-5g\app\Models\Video_Model.php(409): CodeIgniter\Database\BaseConnection->query('SELECT * FROM `...')
#3 C:\xampp\htdocs\doomovie-5g\app\Controllers\Home.php(38): App\Models\Video_Model->get_setting(1)
#4 C:\xampp\htdocs\doomovie-5g\system\CodeIgniter.php(910): App\Controllers\Home->index()
#5 C:\xampp\htdocs\doomovie-5g\system\CodeIgniter.php(398): CodeIgniter\CodeIgniter->runController(Object(App\Controllers\Home))
#6 C:\xampp\htdocs\doomovie-5g\system\CodeIgniter.php(306): CodeIgniter\CodeIgniter->handleRequest(NULL, Object(Config\Cache), false)
#7 C:\xampp\htdocs\doomovie-5g\index.php(45): CodeIgniter\CodeIgniter->run()
#8 {main}
CRITICAL - 2020-11-28 04:27:47 --> A socket operation was attempted to an unreachable network.

#0 C:\xampp\htdocs\doomovie-5g\system\Database\BaseConnection.php(377): CodeIgniter\Database\MySQLi\Connection->connect(false)
#1 C:\xampp\htdocs\doomovie-5g\system\Database\BaseConnection.php(643): CodeIgniter\Database\BaseConnection->initialize()
#2 C:\xampp\htdocs\doomovie-5g\app\Models\Video_Model.php(409): CodeIgniter\Database\BaseConnection->query('SELECT * FROM `...')
#3 C:\xampp\htdocs\doomovie-5g\app\Controllers\Home.php(38): App\Models\Video_Model->get_setting(1)
#4 C:\xampp\htdocs\doomovie-5g\system\CodeIgniter.php(910): App\Controllers\Home->index()
#5 C:\xampp\htdocs\doomovie-5g\system\CodeIgniter.php(398): CodeIgniter\CodeIgniter->runController(Object(App\Controllers\Home))
#6 C:\xampp\htdocs\doomovie-5g\system\CodeIgniter.php(306): CodeIgniter\CodeIgniter->handleRequest(NULL, Object(Config\Cache), false)
#7 C:\xampp\htdocs\doomovie-5g\index.php(45): CodeIgniter\CodeIgniter->run()
#8 {main}
CRITICAL - 2020-11-28 04:27:47 --> A socket operation was attempted to an unreachable network.

#0 C:\xampp\htdocs\doomovie-5g\system\Database\BaseConnection.php(377): CodeIgniter\Database\MySQLi\Connection->connect(false)
#1 C:\xampp\htdocs\doomovie-5g\system\Database\BaseConnection.php(643): CodeIgniter\Database\BaseConnection->initialize()
#2 C:\xampp\htdocs\doomovie-5g\app\Models\Video_Model.php(409): CodeIgniter\Database\BaseConnection->query('SELECT * FROM `...')
#3 C:\xampp\htdocs\doomovie-5g\app\Controllers\Home.php(38): App\Models\Video_Model->get_setting(1)
#4 C:\xampp\htdocs\doomovie-5g\system\CodeIgniter.php(910): App\Controllers\Home->index()
#5 C:\xampp\htdocs\doomovie-5g\system\CodeIgniter.php(398): CodeIgniter\CodeIgniter->runController(Object(App\Controllers\Home))
#6 C:\xampp\htdocs\doomovie-5g\system\CodeIgniter.php(306): CodeIgniter\CodeIgniter->handleRequest(NULL, Object(Config\Cache), false)
#7 C:\xampp\htdocs\doomovie-5g\index.php(45): CodeIgniter\CodeIgniter->run()
#8 {main}
CRITICAL - 2020-11-28 04:27:47 --> A socket operation was attempted to an unreachable network.

#0 C:\xampp\htdocs\doomovie-5g\system\Database\BaseConnection.php(377): CodeIgniter\Database\MySQLi\Connection->connect(false)
#1 C:\xampp\htdocs\doomovie-5g\system\Database\BaseConnection.php(643): CodeIgniter\Database\BaseConnection->initialize()
#2 C:\xampp\htdocs\doomovie-5g\app\Models\Video_Model.php(409): CodeIgniter\Database\BaseConnection->query('SELECT * FROM `...')
#3 C:\xampp\htdocs\doomovie-5g\app\Controllers\Home.php(38): App\Models\Video_Model->get_setting(1)
#4 C:\xampp\htdocs\doomovie-5g\system\CodeIgniter.php(910): App\Controllers\Home->index()
#5 C:\xampp\htdocs\doomovie-5g\system\CodeIgniter.php(398): CodeIgniter\CodeIgniter->runController(Object(App\Controllers\Home))
#6 C:\xampp\htdocs\doomovie-5g\system\CodeIgniter.php(306): CodeIgniter\CodeIgniter->handleRequest(NULL, Object(Config\Cache), false)
#7 C:\xampp\htdocs\doomovie-5g\index.php(45): CodeIgniter\CodeIgniter->run()
#8 {main}
CRITICAL - 2020-11-28 04:27:47 --> A socket operation was attempted to an unreachable network.

#0 C:\xampp\htdocs\doomovie-5g\system\Database\BaseConnection.php(377): CodeIgniter\Database\MySQLi\Connection->connect(false)
#1 C:\xampp\htdocs\doomovie-5g\system\Database\BaseConnection.php(643): CodeIgniter\Database\BaseConnection->initialize()
#2 C:\xampp\htdocs\doomovie-5g\app\Models\Video_Model.php(409): CodeIgniter\Database\BaseConnection->query('SELECT * FROM `...')
#3 C:\xampp\htdocs\doomovie-5g\app\Controllers\Home.php(38): App\Models\Video_Model->get_setting(1)
#4 C:\xampp\htdocs\doomovie-5g\system\CodeIgniter.php(910): App\Controllers\Home->index()
#5 C:\xampp\htdocs\doomovie-5g\system\CodeIgniter.php(398): CodeIgniter\CodeIgniter->runController(Object(App\Controllers\Home))
#6 C:\xampp\htdocs\doomovie-5g\system\CodeIgniter.php(306): CodeIgniter\CodeIgniter->handleRequest(NULL, Object(Config\Cache), false)
#7 C:\xampp\htdocs\doomovie-5g\index.php(45): CodeIgniter\CodeIgniter->run()
#8 {main}
CRITICAL - 2020-11-28 04:27:48 --> A socket operation was attempted to an unreachable network.

#0 C:\xampp\htdocs\doomovie-5g\system\Database\BaseConnection.php(377): CodeIgniter\Database\MySQLi\Connection->connect(false)
#1 C:\xampp\htdocs\doomovie-5g\system\Database\BaseConnection.php(643): CodeIgniter\Database\BaseConnection->initialize()
#2 C:\xampp\htdocs\doomovie-5g\app\Models\Video_Model.php(409): CodeIgniter\Database\BaseConnection->query('SELECT * FROM `...')
#3 C:\xampp\htdocs\doomovie-5g\app\Controllers\Home.php(38): App\Models\Video_Model->get_setting(1)
#4 C:\xampp\htdocs\doomovie-5g\system\CodeIgniter.php(910): App\Controllers\Home->index()
#5 C:\xampp\htdocs\doomovie-5g\system\CodeIgniter.php(398): CodeIgniter\CodeIgniter->runController(Object(App\Controllers\Home))
#6 C:\xampp\htdocs\doomovie-5g\system\CodeIgniter.php(306): CodeIgniter\CodeIgniter->handleRequest(NULL, Object(Config\Cache), false)
#7 C:\xampp\htdocs\doomovie-5g\index.php(45): CodeIgniter\CodeIgniter->run()
#8 {main}
CRITICAL - 2020-11-28 04:27:48 --> A socket operation was attempted to an unreachable network.

#0 C:\xampp\htdocs\doomovie-5g\system\Database\BaseConnection.php(377): CodeIgniter\Database\MySQLi\Connection->connect(false)
#1 C:\xampp\htdocs\doomovie-5g\system\Database\BaseConnection.php(643): CodeIgniter\Database\BaseConnection->initialize()
#2 C:\xampp\htdocs\doomovie-5g\app\Models\Video_Model.php(409): CodeIgniter\Database\BaseConnection->query('SELECT * FROM `...')
#3 C:\xampp\htdocs\doomovie-5g\app\Controllers\Home.php(38): App\Models\Video_Model->get_setting(1)
#4 C:\xampp\htdocs\doomovie-5g\system\CodeIgniter.php(910): App\Controllers\Home->index()
#5 C:\xampp\htdocs\doomovie-5g\system\CodeIgniter.php(398): CodeIgniter\CodeIgniter->runController(Object(App\Controllers\Home))
#6 C:\xampp\htdocs\doomovie-5g\system\CodeIgniter.php(306): CodeIgniter\CodeIgniter->handleRequest(NULL, Object(Config\Cache), false)
#7 C:\xampp\htdocs\doomovie-5g\index.php(45): CodeIgniter\CodeIgniter->run()
#8 {main}
CRITICAL - 2020-11-28 04:27:48 --> A socket operation was attempted to an unreachable network.

#0 C:\xampp\htdocs\doomovie-5g\system\Database\BaseConnection.php(377): CodeIgniter\Database\MySQLi\Connection->connect(false)
#1 C:\xampp\htdocs\doomovie-5g\system\Database\BaseConnection.php(643): CodeIgniter\Database\BaseConnection->initialize()
#2 C:\xampp\htdocs\doomovie-5g\app\Models\Video_Model.php(409): CodeIgniter\Database\BaseConnection->query('SELECT * FROM `...')
#3 C:\xampp\htdocs\doomovie-5g\app\Controllers\Home.php(38): App\Models\Video_Model->get_setting(1)
#4 C:\xampp\htdocs\doomovie-5g\system\CodeIgniter.php(910): App\Controllers\Home->index()
#5 C:\xampp\htdocs\doomovie-5g\system\CodeIgniter.php(398): CodeIgniter\CodeIgniter->runController(Object(App\Controllers\Home))
#6 C:\xampp\htdocs\doomovie-5g\system\CodeIgniter.php(306): CodeIgniter\CodeIgniter->handleRequest(NULL, Object(Config\Cache), false)
#7 C:\xampp\htdocs\doomovie-5g\index.php(45): CodeIgniter\CodeIgniter->run()
#8 {main}
CRITICAL - 2020-11-28 04:27:49 --> A socket operation was attempted to an unreachable network.

#0 C:\xampp\htdocs\doomovie-5g\system\Database\BaseConnection.php(377): CodeIgniter\Database\MySQLi\Connection->connect(false)
#1 C:\xampp\htdocs\doomovie-5g\system\Database\BaseConnection.php(643): CodeIgniter\Database\BaseConnection->initialize()
#2 C:\xampp\htdocs\doomovie-5g\app\Models\Video_Model.php(409): CodeIgniter\Database\BaseConnection->query('SELECT * FROM `...')
#3 C:\xampp\htdocs\doomovie-5g\app\Controllers\Home.php(38): App\Models\Video_Model->get_setting(1)
#4 C:\xampp\htdocs\doomovie-5g\system\CodeIgniter.php(910): App\Controllers\Home->index()
#5 C:\xampp\htdocs\doomovie-5g\system\CodeIgniter.php(398): CodeIgniter\CodeIgniter->runController(Object(App\Controllers\Home))
#6 C:\xampp\htdocs\doomovie-5g\system\CodeIgniter.php(306): CodeIgniter\CodeIgniter->handleRequest(NULL, Object(Config\Cache), false)
#7 C:\xampp\htdocs\doomovie-5g\index.php(45): CodeIgniter\CodeIgniter->run()
#8 {main}
CRITICAL - 2020-11-28 04:27:49 --> A socket operation was attempted to an unreachable network.

#0 C:\xampp\htdocs\doomovie-5g\system\Database\BaseConnection.php(377): CodeIgniter\Database\MySQLi\Connection->connect(false)
#1 C:\xampp\htdocs\doomovie-5g\system\Database\BaseConnection.php(643): CodeIgniter\Database\BaseConnection->initialize()
#2 C:\xampp\htdocs\doomovie-5g\app\Models\Video_Model.php(409): CodeIgniter\Database\BaseConnection->query('SELECT * FROM `...')
#3 C:\xampp\htdocs\doomovie-5g\app\Controllers\Home.php(38): App\Models\Video_Model->get_setting(1)
#4 C:\xampp\htdocs\doomovie-5g\system\CodeIgniter.php(910): App\Controllers\Home->index()
#5 C:\xampp\htdocs\doomovie-5g\system\CodeIgniter.php(398): CodeIgniter\CodeIgniter->runController(Object(App\Controllers\Home))
#6 C:\xampp\htdocs\doomovie-5g\system\CodeIgniter.php(306): CodeIgniter\CodeIgniter->handleRequest(NULL, Object(Config\Cache), false)
#7 C:\xampp\htdocs\doomovie-5g\index.php(45): CodeIgniter\CodeIgniter->run()
#8 {main}
CRITICAL - 2020-11-28 04:28:01 --> A socket operation was attempted to an unreachable network.

#0 C:\xampp\htdocs\doomovie-5g\system\Database\BaseConnection.php(377): CodeIgniter\Database\MySQLi\Connection->connect(false)
#1 C:\xampp\htdocs\doomovie-5g\system\Database\BaseConnection.php(643): CodeIgniter\Database\BaseConnection->initialize()
#2 C:\xampp\htdocs\doomovie-5g\app\Models\Video_Model.php(409): CodeIgniter\Database\BaseConnection->query('SELECT * FROM `...')
#3 C:\xampp\htdocs\doomovie-5g\app\Controllers\Home.php(38): App\Models\Video_Model->get_setting(1)
#4 C:\xampp\htdocs\doomovie-5g\system\CodeIgniter.php(910): App\Controllers\Home->index()
#5 C:\xampp\htdocs\doomovie-5g\system\CodeIgniter.php(398): CodeIgniter\CodeIgniter->runController(Object(App\Controllers\Home))
#6 C:\xampp\htdocs\doomovie-5g\system\CodeIgniter.php(306): CodeIgniter\CodeIgniter->handleRequest(NULL, Object(Config\Cache), false)
#7 C:\xampp\htdocs\doomovie-5g\index.php(45): CodeIgniter\CodeIgniter->run()
#8 {main}
CRITICAL - 2020-11-28 04:28:16 --> A socket operation was attempted to an unreachable network.

#0 C:\xampp\htdocs\doomovie-5g\system\Database\BaseConnection.php(377): CodeIgniter\Database\MySQLi\Connection->connect(false)
#1 C:\xampp\htdocs\doomovie-5g\system\Database\BaseConnection.php(643): CodeIgniter\Database\BaseConnection->initialize()
#2 C:\xampp\htdocs\doomovie-5g\app\Models\Video_Model.php(409): CodeIgniter\Database\BaseConnection->query('SELECT * FROM `...')
#3 C:\xampp\htdocs\doomovie-5g\app\Controllers\Home.php(38): App\Models\Video_Model->get_setting(1)
#4 C:\xampp\htdocs\doomovie-5g\system\CodeIgniter.php(910): App\Controllers\Home->index()
#5 C:\xampp\htdocs\doomovie-5g\system\CodeIgniter.php(398): CodeIgniter\CodeIgniter->runController(Object(App\Controllers\Home))
#6 C:\xampp\htdocs\doomovie-5g\system\CodeIgniter.php(306): CodeIgniter\CodeIgniter->handleRequest(NULL, Object(Config\Cache), false)
#7 C:\xampp\htdocs\doomovie-5g\index.php(45): CodeIgniter\CodeIgniter->run()
#8 {main}
CRITICAL - 2020-11-28 04:30:18 --> A socket operation was attempted to an unreachable network.

#0 C:\xampp\htdocs\doomovie-5g\system\Database\BaseConnection.php(377): CodeIgniter\Database\MySQLi\Connection->connect(false)
#1 C:\xampp\htdocs\doomovie-5g\system\Database\BaseConnection.php(643): CodeIgniter\Database\BaseConnection->initialize()
#2 C:\xampp\htdocs\doomovie-5g\app\Models\Video_Model.php(409): CodeIgniter\Database\BaseConnection->query('SELECT * FROM `...')
#3 C:\xampp\htdocs\doomovie-5g\app\Controllers\Home.php(38): App\Models\Video_Model->get_setting(1)
#4 C:\xampp\htdocs\doomovie-5g\system\CodeIgniter.php(910): App\Controllers\Home->index()
#5 C:\xampp\htdocs\doomovie-5g\system\CodeIgniter.php(398): CodeIgniter\CodeIgniter->runController(Object(App\Controllers\Home))
#6 C:\xampp\htdocs\doomovie-5g\system\CodeIgniter.php(306): CodeIgniter\CodeIgniter->handleRequest(NULL, Object(Config\Cache), false)
#7 C:\xampp\htdocs\doomovie-5g\index.php(45): CodeIgniter\CodeIgniter->run()
#8 {main}
CRITICAL - 2020-11-28 04:31:32 --> You must set the database table to be used with your query.
#0 C:\xampp\htdocs\doomovie-5g\system\Model.php(1190): CodeIgniter\Database\BaseConnection->table(NULL)
#1 C:\xampp\htdocs\doomovie-5g\system\Model.php(1700): CodeIgniter\Model->builder()
#2 C:\xampp\htdocs\doomovie-5g\app\Controllers\Home.php(470): CodeIgniter\Model->__call('countView', Array)
#3 C:\xampp\htdocs\doomovie-5g\system\CodeIgniter.php(910): App\Controllers\Home->countView('9936')
#4 C:\xampp\htdocs\doomovie-5g\system\CodeIgniter.php(398): CodeIgniter\CodeIgniter->runController(Object(App\Controllers\Home))
#5 C:\xampp\htdocs\doomovie-5g\system\CodeIgniter.php(306): CodeIgniter\CodeIgniter->handleRequest(NULL, Object(Config\Cache), false)
#6 C:\xampp\htdocs\doomovie-5g\index.php(45): CodeIgniter\CodeIgniter->run()
#7 {main}
