CRITICAL - 2020-12-06 01:06:07 --> You must set the database table to be used with your query.
#0 C:\xampp\htdocs\doomovie-5g\system\Model.php(1190): CodeIgniter\Database\BaseConnection->table(NULL)
#1 C:\xampp\htdocs\doomovie-5g\system\Model.php(1700): CodeIgniter\Model->builder()
#2 C:\xampp\htdocs\doomovie-5g\app\Controllers\Home.php(520): CodeIgniter\Model->__call('countView', Array)
#3 C:\xampp\htdocs\doomovie-5g\system\CodeIgniter.php(910): App\Controllers\Home->countView('7906')
#4 C:\xampp\htdocs\doomovie-5g\system\CodeIgniter.php(398): CodeIgniter\CodeIgniter->runController(Object(App\Controllers\Home))
#5 C:\xampp\htdocs\doomovie-5g\system\CodeIgniter.php(306): CodeIgniter\CodeIgniter->handleRequest(NULL, Object(Config\Cache), false)
#6 C:\xampp\htdocs\doomovie-5g\index.php(45): CodeIgniter\CodeIgniter->run()
#7 {main}
CRITICAL - 2020-12-06 01:17:23 --> You must set the database table to be used with your query.
#0 C:\xampp\htdocs\doomovie-5g\system\Model.php(1190): CodeIgniter\Database\BaseConnection->table(NULL)
#1 C:\xampp\htdocs\doomovie-5g\system\Model.php(1700): CodeIgniter\Model->builder()
#2 C:\xampp\htdocs\doomovie-5g\app\Controllers\Home.php(520): CodeIgniter\Model->__call('countView', Array)
#3 C:\xampp\htdocs\doomovie-5g\system\CodeIgniter.php(910): App\Controllers\Home->countView('20016')
#4 C:\xampp\htdocs\doomovie-5g\system\CodeIgniter.php(398): CodeIgniter\CodeIgniter->runController(Object(App\Controllers\Home))
#5 C:\xampp\htdocs\doomovie-5g\system\CodeIgniter.php(306): CodeIgniter\CodeIgniter->handleRequest(NULL, Object(Config\Cache), false)
#6 C:\xampp\htdocs\doomovie-5g\index.php(45): CodeIgniter\CodeIgniter->run()
#7 {main}
CRITICAL - 2020-12-06 01:28:31 --> You must set the database table to be used with your query.
#0 C:\xampp\htdocs\doomovie-5g\system\Model.php(1190): CodeIgniter\Database\BaseConnection->table(NULL)
#1 C:\xampp\htdocs\doomovie-5g\system\Model.php(1700): CodeIgniter\Model->builder()
#2 C:\xampp\htdocs\doomovie-5g\app\Controllers\Home.php(520): CodeIgniter\Model->__call('countView', Array)
#3 C:\xampp\htdocs\doomovie-5g\system\CodeIgniter.php(910): App\Controllers\Home->countView('8907')
#4 C:\xampp\htdocs\doomovie-5g\system\CodeIgniter.php(398): CodeIgniter\CodeIgniter->runController(Object(App\Controllers\Home))
#5 C:\xampp\htdocs\doomovie-5g\system\CodeIgniter.php(306): CodeIgniter\CodeIgniter->handleRequest(NULL, Object(Config\Cache), false)
#6 C:\xampp\htdocs\doomovie-5g\index.php(45): CodeIgniter\CodeIgniter->run()
#7 {main}
