CRITICAL - 2020-11-25 00:55:22 --> Table 'variety.mo_slide' doesn't exist
#0 C:\xampp\htdocs\doomovie-5g\system\Database\MySQLi\Connection.php(330): mysqli->query('SELECT\r\n       ...')
#1 C:\xampp\htdocs\doomovie-5g\system\Database\BaseConnection.php(738): CodeIgniter\Database\MySQLi\Connection->execute('SELECT\r\n       ...')
#2 C:\xampp\htdocs\doomovie-5g\system\Database\BaseConnection.php(666): CodeIgniter\Database\BaseConnection->simpleQuery('SELECT\r\n       ...')
#3 C:\xampp\htdocs\doomovie-5g\app\Models\Video_Model.php(202): CodeIgniter\Database\BaseConnection->query('SELECT\r\n       ...')
#4 C:\xampp\htdocs\doomovie-5g\app\Controllers\Home.php(284): App\Models\Video_Model->get_list_popular(1)
#5 C:\xampp\htdocs\doomovie-5g\system\CodeIgniter.php(910): App\Controllers\Home->popular()
#6 C:\xampp\htdocs\doomovie-5g\system\CodeIgniter.php(398): CodeIgniter\CodeIgniter->runController(Object(App\Controllers\Home))
#7 C:\xampp\htdocs\doomovie-5g\system\CodeIgniter.php(306): CodeIgniter\CodeIgniter->handleRequest(NULL, Object(Config\Cache), false)
#8 C:\xampp\htdocs\doomovie-5g\index.php(45): CodeIgniter\CodeIgniter->run()
#9 {main}
CRITICAL - 2020-11-25 01:00:17 --> Table 'variety.mo_slide' doesn't exist
#0 C:\xampp\htdocs\doomovie-5g\system\Database\MySQLi\Connection.php(330): mysqli->query('SELECT\r\n       ...')
#1 C:\xampp\htdocs\doomovie-5g\system\Database\BaseConnection.php(738): CodeIgniter\Database\MySQLi\Connection->execute('SELECT\r\n       ...')
#2 C:\xampp\htdocs\doomovie-5g\system\Database\BaseConnection.php(666): CodeIgniter\Database\BaseConnection->simpleQuery('SELECT\r\n       ...')
#3 C:\xampp\htdocs\doomovie-5g\app\Models\Video_Model.php(202): CodeIgniter\Database\BaseConnection->query('SELECT\r\n       ...')
#4 C:\xampp\htdocs\doomovie-5g\app\Controllers\Home.php(284): App\Models\Video_Model->get_list_popular(1)
#5 C:\xampp\htdocs\doomovie-5g\system\CodeIgniter.php(910): App\Controllers\Home->popular()
#6 C:\xampp\htdocs\doomovie-5g\system\CodeIgniter.php(398): CodeIgniter\CodeIgniter->runController(Object(App\Controllers\Home))
#7 C:\xampp\htdocs\doomovie-5g\system\CodeIgniter.php(306): CodeIgniter\CodeIgniter->handleRequest(NULL, Object(Config\Cache), false)
#8 C:\xampp\htdocs\doomovie-5g\index.php(45): CodeIgniter\CodeIgniter->run()
#9 {main}
CRITICAL - 2020-11-25 01:05:25 --> You must set the database table to be used with your query.
#0 C:\xampp\htdocs\doomovie-5g\system\Model.php(1190): CodeIgniter\Database\BaseConnection->table(NULL)
#1 C:\xampp\htdocs\doomovie-5g\system\Model.php(1700): CodeIgniter\Model->builder()
#2 C:\xampp\htdocs\doomovie-5g\app\Controllers\Home.php(470): CodeIgniter\Model->__call('countView', Array)
#3 C:\xampp\htdocs\doomovie-5g\system\CodeIgniter.php(910): App\Controllers\Home->countView('9936')
#4 C:\xampp\htdocs\doomovie-5g\system\CodeIgniter.php(398): CodeIgniter\CodeIgniter->runController(Object(App\Controllers\Home))
#5 C:\xampp\htdocs\doomovie-5g\system\CodeIgniter.php(306): CodeIgniter\CodeIgniter->handleRequest(NULL, Object(Config\Cache), false)
#6 C:\xampp\htdocs\doomovie-5g\index.php(45): CodeIgniter\CodeIgniter->run()
#7 {main}
CRITICAL - 2020-11-25 01:06:46 --> You must set the database table to be used with your query.
#0 C:\xampp\htdocs\doomovie-5g\system\Model.php(1190): CodeIgniter\Database\BaseConnection->table(NULL)
#1 C:\xampp\htdocs\doomovie-5g\system\Model.php(1700): CodeIgniter\Model->builder()
#2 C:\xampp\htdocs\doomovie-5g\app\Controllers\Home.php(470): CodeIgniter\Model->__call('countView', Array)
#3 C:\xampp\htdocs\doomovie-5g\system\CodeIgniter.php(910): App\Controllers\Home->countView('20033')
#4 C:\xampp\htdocs\doomovie-5g\system\CodeIgniter.php(398): CodeIgniter\CodeIgniter->runController(Object(App\Controllers\Home))
#5 C:\xampp\htdocs\doomovie-5g\system\CodeIgniter.php(306): CodeIgniter\CodeIgniter->handleRequest(NULL, Object(Config\Cache), false)
#6 C:\xampp\htdocs\doomovie-5g\index.php(45): CodeIgniter\CodeIgniter->run()
#7 {main}
CRITICAL - 2020-11-25 01:07:51 --> You must set the database table to be used with your query.
#0 C:\xampp\htdocs\doomovie-5g\system\Model.php(1190): CodeIgniter\Database\BaseConnection->table(NULL)
#1 C:\xampp\htdocs\doomovie-5g\system\Model.php(1700): CodeIgniter\Model->builder()
#2 C:\xampp\htdocs\doomovie-5g\app\Controllers\Home.php(470): CodeIgniter\Model->__call('countView', Array)
#3 C:\xampp\htdocs\doomovie-5g\system\CodeIgniter.php(910): App\Controllers\Home->countView('20033')
#4 C:\xampp\htdocs\doomovie-5g\system\CodeIgniter.php(398): CodeIgniter\CodeIgniter->runController(Object(App\Controllers\Home))
#5 C:\xampp\htdocs\doomovie-5g\system\CodeIgniter.php(306): CodeIgniter\CodeIgniter->handleRequest(NULL, Object(Config\Cache), false)
#6 C:\xampp\htdocs\doomovie-5g\index.php(45): CodeIgniter\CodeIgniter->run()
#7 {main}
CRITICAL - 2020-11-25 01:09:12 --> You must set the database table to be used with your query.
#0 C:\xampp\htdocs\doomovie-5g\system\Model.php(1190): CodeIgniter\Database\BaseConnection->table(NULL)
#1 C:\xampp\htdocs\doomovie-5g\system\Model.php(1700): CodeIgniter\Model->builder()
#2 C:\xampp\htdocs\doomovie-5g\app\Controllers\Home.php(470): CodeIgniter\Model->__call('countView', Array)
#3 C:\xampp\htdocs\doomovie-5g\system\CodeIgniter.php(910): App\Controllers\Home->countView('9936')
#4 C:\xampp\htdocs\doomovie-5g\system\CodeIgniter.php(398): CodeIgniter\CodeIgniter->runController(Object(App\Controllers\Home))
#5 C:\xampp\htdocs\doomovie-5g\system\CodeIgniter.php(306): CodeIgniter\CodeIgniter->handleRequest(NULL, Object(Config\Cache), false)
#6 C:\xampp\htdocs\doomovie-5g\index.php(45): CodeIgniter\CodeIgniter->run()
#7 {main}
CRITICAL - 2020-11-25 01:10:20 --> Undefined variable: title
#0 C:\xampp\htdocs\doomovie-5g\app\Views\list.php(8): CodeIgniter\Debug\Exceptions->errorHandler(8, 'Undefined varia...', 'C:\\xampp\\htdocs...', 8, Array)
#1 C:\xampp\htdocs\doomovie-5g\system\View\View.php(236): include('C:\\xampp\\htdocs...')
#2 C:\xampp\htdocs\doomovie-5g\system\Common.php(1071): CodeIgniter\View\View->render('list.php', Array, true)
#3 C:\xampp\htdocs\doomovie-5g\app\Controllers\Home.php(407): view('list.php', Array)
#4 C:\xampp\htdocs\doomovie-5g\system\CodeIgniter.php(910): App\Controllers\Home->category('28', 'Netflix-Movie')
#5 C:\xampp\htdocs\doomovie-5g\system\CodeIgniter.php(398): CodeIgniter\CodeIgniter->runController(Object(App\Controllers\Home))
#6 C:\xampp\htdocs\doomovie-5g\system\CodeIgniter.php(306): CodeIgniter\CodeIgniter->handleRequest(NULL, Object(Config\Cache), false)
#7 C:\xampp\htdocs\doomovie-5g\index.php(45): CodeIgniter\CodeIgniter->run()
#8 {main}
CRITICAL - 2020-11-25 02:06:46 --> Table 'variety.mo_slide' doesn't exist
#0 C:\xampp\htdocs\doomovie-5g\system\Database\MySQLi\Connection.php(330): mysqli->query('SELECT\r\n       ...')
#1 C:\xampp\htdocs\doomovie-5g\system\Database\BaseConnection.php(738): CodeIgniter\Database\MySQLi\Connection->execute('SELECT\r\n       ...')
#2 C:\xampp\htdocs\doomovie-5g\system\Database\BaseConnection.php(666): CodeIgniter\Database\BaseConnection->simpleQuery('SELECT\r\n       ...')
#3 C:\xampp\htdocs\doomovie-5g\app\Models\Video_Model.php(202): CodeIgniter\Database\BaseConnection->query('SELECT\r\n       ...')
#4 C:\xampp\htdocs\doomovie-5g\app\Controllers\Home.php(284): App\Models\Video_Model->get_list_popular(1)
#5 C:\xampp\htdocs\doomovie-5g\system\CodeIgniter.php(910): App\Controllers\Home->popular()
#6 C:\xampp\htdocs\doomovie-5g\system\CodeIgniter.php(398): CodeIgniter\CodeIgniter->runController(Object(App\Controllers\Home))
#7 C:\xampp\htdocs\doomovie-5g\system\CodeIgniter.php(306): CodeIgniter\CodeIgniter->handleRequest(NULL, Object(Config\Cache), false)
#8 C:\xampp\htdocs\doomovie-5g\index.php(45): CodeIgniter\CodeIgniter->run()
#9 {main}
CRITICAL - 2020-11-25 02:07:04 --> Table 'variety.mo_slide' doesn't exist
#0 C:\xampp\htdocs\doomovie-5g\system\Database\MySQLi\Connection.php(330): mysqli->query('SELECT\r\n       ...')
#1 C:\xampp\htdocs\doomovie-5g\system\Database\BaseConnection.php(738): CodeIgniter\Database\MySQLi\Connection->execute('SELECT\r\n       ...')
#2 C:\xampp\htdocs\doomovie-5g\system\Database\BaseConnection.php(666): CodeIgniter\Database\BaseConnection->simpleQuery('SELECT\r\n       ...')
#3 C:\xampp\htdocs\doomovie-5g\app\Models\Video_Model.php(202): CodeIgniter\Database\BaseConnection->query('SELECT\r\n       ...')
#4 C:\xampp\htdocs\doomovie-5g\app\Controllers\Home.php(284): App\Models\Video_Model->get_list_popular(1)
#5 C:\xampp\htdocs\doomovie-5g\system\CodeIgniter.php(910): App\Controllers\Home->popular()
#6 C:\xampp\htdocs\doomovie-5g\system\CodeIgniter.php(398): CodeIgniter\CodeIgniter->runController(Object(App\Controllers\Home))
#7 C:\xampp\htdocs\doomovie-5g\system\CodeIgniter.php(306): CodeIgniter\CodeIgniter->handleRequest(NULL, Object(Config\Cache), false)
#8 C:\xampp\htdocs\doomovie-5g\index.php(45): CodeIgniter\CodeIgniter->run()
#9 {main}
CRITICAL - 2020-11-25 02:11:24 --> Table 'variety.mo_slide' doesn't exist
#0 C:\xampp\htdocs\doomovie-5g\system\Database\MySQLi\Connection.php(330): mysqli->query('SELECT\r\n       ...')
#1 C:\xampp\htdocs\doomovie-5g\system\Database\BaseConnection.php(738): CodeIgniter\Database\MySQLi\Connection->execute('SELECT\r\n       ...')
#2 C:\xampp\htdocs\doomovie-5g\system\Database\BaseConnection.php(666): CodeIgniter\Database\BaseConnection->simpleQuery('SELECT\r\n       ...')
#3 C:\xampp\htdocs\doomovie-5g\app\Models\Video_Model.php(202): CodeIgniter\Database\BaseConnection->query('SELECT\r\n       ...')
#4 C:\xampp\htdocs\doomovie-5g\app\Controllers\Home.php(284): App\Models\Video_Model->get_list_popular(1)
#5 C:\xampp\htdocs\doomovie-5g\system\CodeIgniter.php(910): App\Controllers\Home->popular()
#6 C:\xampp\htdocs\doomovie-5g\system\CodeIgniter.php(398): CodeIgniter\CodeIgniter->runController(Object(App\Controllers\Home))
#7 C:\xampp\htdocs\doomovie-5g\system\CodeIgniter.php(306): CodeIgniter\CodeIgniter->handleRequest(NULL, Object(Config\Cache), false)
#8 C:\xampp\htdocs\doomovie-5g\index.php(45): CodeIgniter\CodeIgniter->run()
#9 {main}
CRITICAL - 2020-11-25 03:04:16 --> You must set the database table to be used with your query.
#0 C:\xampp\htdocs\doomovie-5g\system\Model.php(1190): CodeIgniter\Database\BaseConnection->table(NULL)
#1 C:\xampp\htdocs\doomovie-5g\system\Model.php(1700): CodeIgniter\Model->builder()
#2 C:\xampp\htdocs\doomovie-5g\app\Controllers\Home.php(470): CodeIgniter\Model->__call('countView', Array)
#3 C:\xampp\htdocs\doomovie-5g\system\CodeIgniter.php(910): App\Controllers\Home->countView('20033')
#4 C:\xampp\htdocs\doomovie-5g\system\CodeIgniter.php(398): CodeIgniter\CodeIgniter->runController(Object(App\Controllers\Home))
#5 C:\xampp\htdocs\doomovie-5g\system\CodeIgniter.php(306): CodeIgniter\CodeIgniter->handleRequest(NULL, Object(Config\Cache), false)
#6 C:\xampp\htdocs\doomovie-5g\index.php(45): CodeIgniter\CodeIgniter->run()
#7 {main}
CRITICAL - 2020-11-25 03:16:54 --> Undefined variable: url_name
#0 C:\xampp\htdocs\doomovie-5g\app\Views\video.php(58): CodeIgniter\Debug\Exceptions->errorHandler(8, 'Undefined varia...', 'C:\\xampp\\htdocs...', 58, Array)
#1 C:\xampp\htdocs\doomovie-5g\system\View\View.php(236): include('C:\\xampp\\htdocs...')
#2 C:\xampp\htdocs\doomovie-5g\system\Common.php(1071): CodeIgniter\View\View->render('video.php', Array, true)
#3 C:\xampp\htdocs\doomovie-5g\app\Controllers\Home.php(134): view('video.php', Array)
#4 C:\xampp\htdocs\doomovie-5g\system\CodeIgniter.php(910): App\Controllers\Home->video('20033', 'Rogue-%282020%2...')
#5 C:\xampp\htdocs\doomovie-5g\system\CodeIgniter.php(398): CodeIgniter\CodeIgniter->runController(Object(App\Controllers\Home))
#6 C:\xampp\htdocs\doomovie-5g\system\CodeIgniter.php(306): CodeIgniter\CodeIgniter->handleRequest(NULL, Object(Config\Cache), false)
#7 C:\xampp\htdocs\doomovie-5g\index.php(45): CodeIgniter\CodeIgniter->run()
#8 {main}
CRITICAL - 2020-11-25 03:49:48 --> You must set the database table to be used with your query.
#0 C:\xampp\htdocs\doomovie-5g\system\Model.php(1190): CodeIgniter\Database\BaseConnection->table(NULL)
#1 C:\xampp\htdocs\doomovie-5g\system\Model.php(1700): CodeIgniter\Model->builder()
#2 C:\xampp\htdocs\doomovie-5g\app\Controllers\Home.php(470): CodeIgniter\Model->__call('countView', Array)
#3 C:\xampp\htdocs\doomovie-5g\system\CodeIgniter.php(910): App\Controllers\Home->countView('20033')
#4 C:\xampp\htdocs\doomovie-5g\system\CodeIgniter.php(398): CodeIgniter\CodeIgniter->runController(Object(App\Controllers\Home))
#5 C:\xampp\htdocs\doomovie-5g\system\CodeIgniter.php(306): CodeIgniter\CodeIgniter->handleRequest(NULL, Object(Config\Cache), false)
#6 C:\xampp\htdocs\doomovie-5g\index.php(45): CodeIgniter\CodeIgniter->run()
#7 {main}
CRITICAL - 2020-11-25 04:06:04 --> You must set the database table to be used with your query.
#0 C:\xampp\htdocs\doomovie-5g\system\Model.php(1190): CodeIgniter\Database\BaseConnection->table(NULL)
#1 C:\xampp\htdocs\doomovie-5g\system\Model.php(1700): CodeIgniter\Model->builder()
#2 C:\xampp\htdocs\doomovie-5g\app\Controllers\Home.php(470): CodeIgniter\Model->__call('countView', Array)
#3 C:\xampp\htdocs\doomovie-5g\system\CodeIgniter.php(910): App\Controllers\Home->countView('20015')
#4 C:\xampp\htdocs\doomovie-5g\system\CodeIgniter.php(398): CodeIgniter\CodeIgniter->runController(Object(App\Controllers\Home))
#5 C:\xampp\htdocs\doomovie-5g\system\CodeIgniter.php(306): CodeIgniter\CodeIgniter->handleRequest(NULL, Object(Config\Cache), false)
#6 C:\xampp\htdocs\doomovie-5g\index.php(45): CodeIgniter\CodeIgniter->run()
#7 {main}
CRITICAL - 2020-11-25 04:06:16 --> You must set the database table to be used with your query.
#0 C:\xampp\htdocs\doomovie-5g\system\Model.php(1190): CodeIgniter\Database\BaseConnection->table(NULL)
#1 C:\xampp\htdocs\doomovie-5g\system\Model.php(1700): CodeIgniter\Model->builder()
#2 C:\xampp\htdocs\doomovie-5g\app\Controllers\Home.php(470): CodeIgniter\Model->__call('countView', Array)
#3 C:\xampp\htdocs\doomovie-5g\system\CodeIgniter.php(910): App\Controllers\Home->countView('20033')
#4 C:\xampp\htdocs\doomovie-5g\system\CodeIgniter.php(398): CodeIgniter\CodeIgniter->runController(Object(App\Controllers\Home))
#5 C:\xampp\htdocs\doomovie-5g\system\CodeIgniter.php(306): CodeIgniter\CodeIgniter->handleRequest(NULL, Object(Config\Cache), false)
#6 C:\xampp\htdocs\doomovie-5g\index.php(45): CodeIgniter\CodeIgniter->run()
#7 {main}
CRITICAL - 2020-11-25 23:32:22 --> You must set the database table to be used with your query.
#0 C:\xampp\htdocs\doomovie-5g\system\Model.php(1190): CodeIgniter\Database\BaseConnection->table(NULL)
#1 C:\xampp\htdocs\doomovie-5g\system\Model.php(1700): CodeIgniter\Model->builder()
#2 C:\xampp\htdocs\doomovie-5g\app\Controllers\Home.php(470): CodeIgniter\Model->__call('countView', Array)
#3 C:\xampp\htdocs\doomovie-5g\system\CodeIgniter.php(910): App\Controllers\Home->countView('20015')
#4 C:\xampp\htdocs\doomovie-5g\system\CodeIgniter.php(398): CodeIgniter\CodeIgniter->runController(Object(App\Controllers\Home))
#5 C:\xampp\htdocs\doomovie-5g\system\CodeIgniter.php(306): CodeIgniter\CodeIgniter->handleRequest(NULL, Object(Config\Cache), false)
#6 C:\xampp\htdocs\doomovie-5g\index.php(45): CodeIgniter\CodeIgniter->run()
#7 {main}
