CRITICAL - 2020-12-02 01:26:50 --> You must set the database table to be used with your query.
#0 C:\xampp\htdocs\doomovie-5g\system\Model.php(1190): CodeIgniter\Database\BaseConnection->table(NULL)
#1 C:\xampp\htdocs\doomovie-5g\system\Model.php(1700): CodeIgniter\Model->builder()
#2 C:\xampp\htdocs\doomovie-5g\app\Controllers\Home.php(470): CodeIgniter\Model->__call('countView', Array)
#3 C:\xampp\htdocs\doomovie-5g\system\CodeIgniter.php(910): App\Controllers\Home->countView('20033')
#4 C:\xampp\htdocs\doomovie-5g\system\CodeIgniter.php(398): CodeIgniter\CodeIgniter->runController(Object(App\Controllers\Home))
#5 C:\xampp\htdocs\doomovie-5g\system\CodeIgniter.php(306): CodeIgniter\CodeIgniter->handleRequest(NULL, Object(Config\Cache), false)
#6 C:\xampp\htdocs\doomovie-5g\index.php(45): CodeIgniter\CodeIgniter->run()
#7 {main}
CRITICAL - 2020-12-02 02:22:50 --> You must set the database table to be used with your query.
#0 C:\xampp\htdocs\doomovie-5g\system\Model.php(1190): CodeIgniter\Database\BaseConnection->table(NULL)
#1 C:\xampp\htdocs\doomovie-5g\system\Model.php(1700): CodeIgniter\Model->builder()
#2 C:\xampp\htdocs\doomovie-5g\app\Controllers\Home.php(470): CodeIgniter\Model->__call('countView', Array)
#3 C:\xampp\htdocs\doomovie-5g\system\CodeIgniter.php(910): App\Controllers\Home->countView('20033')
#4 C:\xampp\htdocs\doomovie-5g\system\CodeIgniter.php(398): CodeIgniter\CodeIgniter->runController(Object(App\Controllers\Home))
#5 C:\xampp\htdocs\doomovie-5g\system\CodeIgniter.php(306): CodeIgniter\CodeIgniter->handleRequest(NULL, Object(Config\Cache), false)
#6 C:\xampp\htdocs\doomovie-5g\index.php(45): CodeIgniter\CodeIgniter->run()
#7 {main}
CRITICAL - 2020-12-02 02:24:23 --> You must set the database table to be used with your query.
#0 C:\xampp\htdocs\doomovie-5g\system\Model.php(1190): CodeIgniter\Database\BaseConnection->table(NULL)
#1 C:\xampp\htdocs\doomovie-5g\system\Model.php(1700): CodeIgniter\Model->builder()
#2 C:\xampp\htdocs\doomovie-5g\app\Controllers\Home.php(470): CodeIgniter\Model->__call('countView', Array)
#3 C:\xampp\htdocs\doomovie-5g\system\CodeIgniter.php(910): App\Controllers\Home->countView('20018')
#4 C:\xampp\htdocs\doomovie-5g\system\CodeIgniter.php(398): CodeIgniter\CodeIgniter->runController(Object(App\Controllers\Home))
#5 C:\xampp\htdocs\doomovie-5g\system\CodeIgniter.php(306): CodeIgniter\CodeIgniter->handleRequest(NULL, Object(Config\Cache), false)
#6 C:\xampp\htdocs\doomovie-5g\index.php(45): CodeIgniter\CodeIgniter->run()
#7 {main}
CRITICAL - 2020-12-02 02:27:01 --> You must set the database table to be used with your query.
#0 C:\xampp\htdocs\doomovie-5g\system\Model.php(1190): CodeIgniter\Database\BaseConnection->table(NULL)
#1 C:\xampp\htdocs\doomovie-5g\system\Model.php(1700): CodeIgniter\Model->builder()
#2 C:\xampp\htdocs\doomovie-5g\app\Controllers\Home.php(470): CodeIgniter\Model->__call('countView', Array)
#3 C:\xampp\htdocs\doomovie-5g\system\CodeIgniter.php(910): App\Controllers\Home->countView('20033')
#4 C:\xampp\htdocs\doomovie-5g\system\CodeIgniter.php(398): CodeIgniter\CodeIgniter->runController(Object(App\Controllers\Home))
#5 C:\xampp\htdocs\doomovie-5g\system\CodeIgniter.php(306): CodeIgniter\CodeIgniter->handleRequest(NULL, Object(Config\Cache), false)
#6 C:\xampp\htdocs\doomovie-5g\index.php(45): CodeIgniter\CodeIgniter->run()
#7 {main}
CRITICAL - 2020-12-02 02:45:31 --> You must set the database table to be used with your query.
#0 C:\xampp\htdocs\doomovie-5g\system\Model.php(1190): CodeIgniter\Database\BaseConnection->table(NULL)
#1 C:\xampp\htdocs\doomovie-5g\system\Model.php(1700): CodeIgniter\Model->builder()
#2 C:\xampp\htdocs\doomovie-5g\app\Controllers\Home.php(470): CodeIgniter\Model->__call('countView', Array)
#3 C:\xampp\htdocs\doomovie-5g\system\CodeIgniter.php(910): App\Controllers\Home->countView('20033')
#4 C:\xampp\htdocs\doomovie-5g\system\CodeIgniter.php(398): CodeIgniter\CodeIgniter->runController(Object(App\Controllers\Home))
#5 C:\xampp\htdocs\doomovie-5g\system\CodeIgniter.php(306): CodeIgniter\CodeIgniter->handleRequest(NULL, Object(Config\Cache), false)
#6 C:\xampp\htdocs\doomovie-5g\index.php(45): CodeIgniter\CodeIgniter->run()
#7 {main}
CRITICAL - 2020-12-02 02:46:23 --> You must set the database table to be used with your query.
#0 C:\xampp\htdocs\doomovie-5g\system\Model.php(1190): CodeIgniter\Database\BaseConnection->table(NULL)
#1 C:\xampp\htdocs\doomovie-5g\system\Model.php(1700): CodeIgniter\Model->builder()
#2 C:\xampp\htdocs\doomovie-5g\app\Controllers\Home.php(470): CodeIgniter\Model->__call('countView', Array)
#3 C:\xampp\htdocs\doomovie-5g\system\CodeIgniter.php(910): App\Controllers\Home->countView('9790')
#4 C:\xampp\htdocs\doomovie-5g\system\CodeIgniter.php(398): CodeIgniter\CodeIgniter->runController(Object(App\Controllers\Home))
#5 C:\xampp\htdocs\doomovie-5g\system\CodeIgniter.php(306): CodeIgniter\CodeIgniter->handleRequest(NULL, Object(Config\Cache), false)
#6 C:\xampp\htdocs\doomovie-5g\index.php(45): CodeIgniter\CodeIgniter->run()
#7 {main}
CRITICAL - 2020-12-02 02:46:26 --> You must set the database table to be used with your query.
#0 C:\xampp\htdocs\doomovie-5g\system\Model.php(1190): CodeIgniter\Database\BaseConnection->table(NULL)
#1 C:\xampp\htdocs\doomovie-5g\system\Model.php(1700): CodeIgniter\Model->builder()
#2 C:\xampp\htdocs\doomovie-5g\app\Controllers\Home.php(470): CodeIgniter\Model->__call('countView', Array)
#3 C:\xampp\htdocs\doomovie-5g\system\CodeIgniter.php(910): App\Controllers\Home->countView('9733')
#4 C:\xampp\htdocs\doomovie-5g\system\CodeIgniter.php(398): CodeIgniter\CodeIgniter->runController(Object(App\Controllers\Home))
#5 C:\xampp\htdocs\doomovie-5g\system\CodeIgniter.php(306): CodeIgniter\CodeIgniter->handleRequest(NULL, Object(Config\Cache), false)
#6 C:\xampp\htdocs\doomovie-5g\index.php(45): CodeIgniter\CodeIgniter->run()
#7 {main}
CRITICAL - 2020-12-02 02:48:42 --> You must set the database table to be used with your query.
#0 C:\xampp\htdocs\doomovie-5g\system\Model.php(1190): CodeIgniter\Database\BaseConnection->table(NULL)
#1 C:\xampp\htdocs\doomovie-5g\system\Model.php(1700): CodeIgniter\Model->builder()
#2 C:\xampp\htdocs\doomovie-5g\app\Controllers\Home.php(470): CodeIgniter\Model->__call('countView', Array)
#3 C:\xampp\htdocs\doomovie-5g\system\CodeIgniter.php(910): App\Controllers\Home->countView('20017')
#4 C:\xampp\htdocs\doomovie-5g\system\CodeIgniter.php(398): CodeIgniter\CodeIgniter->runController(Object(App\Controllers\Home))
#5 C:\xampp\htdocs\doomovie-5g\system\CodeIgniter.php(306): CodeIgniter\CodeIgniter->handleRequest(NULL, Object(Config\Cache), false)
#6 C:\xampp\htdocs\doomovie-5g\index.php(45): CodeIgniter\CodeIgniter->run()
#7 {main}
CRITICAL - 2020-12-02 02:51:25 --> You must set the database table to be used with your query.
#0 C:\xampp\htdocs\doomovie-5g\system\Model.php(1190): CodeIgniter\Database\BaseConnection->table(NULL)
#1 C:\xampp\htdocs\doomovie-5g\system\Model.php(1700): CodeIgniter\Model->builder()
#2 C:\xampp\htdocs\doomovie-5g\app\Controllers\Home.php(470): CodeIgniter\Model->__call('countView', Array)
#3 C:\xampp\htdocs\doomovie-5g\system\CodeIgniter.php(910): App\Controllers\Home->countView('661')
#4 C:\xampp\htdocs\doomovie-5g\system\CodeIgniter.php(398): CodeIgniter\CodeIgniter->runController(Object(App\Controllers\Home))
#5 C:\xampp\htdocs\doomovie-5g\system\CodeIgniter.php(306): CodeIgniter\CodeIgniter->handleRequest(NULL, Object(Config\Cache), false)
#6 C:\xampp\htdocs\doomovie-5g\index.php(45): CodeIgniter\CodeIgniter->run()
#7 {main}
CRITICAL - 2020-12-02 02:51:28 --> You must set the database table to be used with your query.
#0 C:\xampp\htdocs\doomovie-5g\system\Model.php(1190): CodeIgniter\Database\BaseConnection->table(NULL)
#1 C:\xampp\htdocs\doomovie-5g\system\Model.php(1700): CodeIgniter\Model->builder()
#2 C:\xampp\htdocs\doomovie-5g\app\Controllers\Home.php(470): CodeIgniter\Model->__call('countView', Array)
#3 C:\xampp\htdocs\doomovie-5g\system\CodeIgniter.php(910): App\Controllers\Home->countView('661')
#4 C:\xampp\htdocs\doomovie-5g\system\CodeIgniter.php(398): CodeIgniter\CodeIgniter->runController(Object(App\Controllers\Home))
#5 C:\xampp\htdocs\doomovie-5g\system\CodeIgniter.php(306): CodeIgniter\CodeIgniter->handleRequest(NULL, Object(Config\Cache), false)
#6 C:\xampp\htdocs\doomovie-5g\index.php(45): CodeIgniter\CodeIgniter->run()
#7 {main}
CRITICAL - 2020-12-02 02:53:05 --> You must set the database table to be used with your query.
#0 C:\xampp\htdocs\doomovie-5g\system\Model.php(1190): CodeIgniter\Database\BaseConnection->table(NULL)
#1 C:\xampp\htdocs\doomovie-5g\system\Model.php(1700): CodeIgniter\Model->builder()
#2 C:\xampp\htdocs\doomovie-5g\app\Controllers\Home.php(470): CodeIgniter\Model->__call('countView', Array)
#3 C:\xampp\htdocs\doomovie-5g\system\CodeIgniter.php(910): App\Controllers\Home->countView('20033')
#4 C:\xampp\htdocs\doomovie-5g\system\CodeIgniter.php(398): CodeIgniter\CodeIgniter->runController(Object(App\Controllers\Home))
#5 C:\xampp\htdocs\doomovie-5g\system\CodeIgniter.php(306): CodeIgniter\CodeIgniter->handleRequest(NULL, Object(Config\Cache), false)
#6 C:\xampp\htdocs\doomovie-5g\index.php(45): CodeIgniter\CodeIgniter->run()
#7 {main}
